<?xml version="1.0" encoding="UTF-8"?>
<!-- Generated by org.testng.reporters.JUnitXMLReporter -->
<testsuite hostname="WTC-5159473-l2" ignored="0" name="ADAT" tests="25" failures="10" timestamp="22 May 2019 22:47:08 GMT" time="480.667" errors="0">
  <testcase name="SetEvironmentLevel" time="0.729" classname="SupportClasses.Environment">
    <skipped/>
  </testcase> <!-- SetEvironmentLevel -->
  <testcase name="AAAUserCreate_Email_As_UserId" time="7.162" classname="WIDM_Application.WIDM_SmokeTest"/>
  <testcase name="WIDM_ForgotUserID" time="58.699" classname="WIDM_Application.WIDM_SmokeTest"/>
  <testcase name="WRTT_Rate_Sheet" time="69.479" classname="WRTT_Application.WRTT_SmokeTest"/>
  <testcase name="WRTT_Rate_Sheet" time="83.378" classname="WRTT_Application.WRTT_SmokeTest"/>
  <testcase name="WRTT_Rate_Sheet" time="94.822" classname="WRTT_Application.WRTT_SmokeTest"/>
  <testcase name="WRTT_Rate_Sheet" time="94.955" classname="WRTT_Application.WRTT_SmokeTest"/>
  <testcase name="WIDM_Registration" time="144.464" classname="WIDM_Application.WIDM_SmokeTest"/>
  <testcase name="WIDM_ResetPasswordSecret" time="153.536" classname="WIDM_Application.WIDM_SmokeTest"/>
  <testcase name="WIDM_ResetPassword_Email" time="154.549" classname="WIDM_Application.WIDM_SmokeTest">
    <failure type="java.lang.AssertionError" message="Element is not present on page.  By.id: linkaction">
      <![CDATA[java.lang.AssertionError: Element is not present on page.  By.id: linkaction
at WIDM_Application.WIDM_SmokeTest.WIDM_ResetPassword_Email(WIDM_SmokeTest.java:179)
at java.util.concurrent.FutureTask.run(Unknown Source)
at java.util.concurrent.Executors$RunnableAdapter.call(Unknown Source)
at java.util.concurrent.FutureTask.run(Unknown Source)
at java.util.concurrent.ThreadPoolExecutor.runWorker(Unknown Source)
at java.util.concurrent.ThreadPoolExecutor$Worker.run(Unknown Source)
at java.lang.Thread.run(Unknown Source)
... Removed 10 stack frames]]>
    </failure>
  </testcase> <!-- WIDM_ResetPassword_Email -->
  <testcase name="WIDM_Registration_ErrorMessages" time="184.546" classname="WIDM_Application.WIDM_SmokeTest"/>
  <testcase name="WIDM_RegistrationEFWS" time="185.269" classname="WIDM_Application.WIDM_SmokeTest"/>
  <testcase name="WIDM_Login" time="193.048" classname="WIDM_Application.WIDM_SmokeTest"/>
  <testcase name="WIDM_Login" time="203.13" classname="WIDM_Application.WIDM_SmokeTest"/>
  <testcase name="WCRV_Help_Link" time="87.528" classname="WCRV_Application.WCRV_SmokeTest">
    <failure type="java.lang.AssertionError" message="US Help page not loading correctly.">
      <![CDATA[java.lang.AssertionError: US Help page not loading correctly.
at WCRV_Application.WCRV_SmokeTest.WCRV_Help_Link(WCRV_SmokeTest.java:116)
at java.util.concurrent.FutureTask.run(Unknown Source)
at java.util.concurrent.Executors$RunnableAdapter.call(Unknown Source)
at java.util.concurrent.FutureTask.run(Unknown Source)
at java.util.concurrent.ThreadPoolExecutor.runWorker(Unknown Source)
at java.util.concurrent.ThreadPoolExecutor$Worker.run(Unknown Source)
at java.lang.Thread.run(Unknown Source)
... Removed 10 stack frames]]>
    </failure>
  </testcase> <!-- WCRV_Help_Link -->
  <testcase name="WCRV_Generate_RateSheet_Passkey" time="103.674" classname="WCRV_Application.WCRV_SmokeTest">
    <failure type="java.lang.AssertionError" message="Element is not present on page.  By.id: account">
      <![CDATA[java.lang.AssertionError: Element is not present on page.  By.id: account
at WCRV_Application.WCRV_SmokeTest.WCRV_Generate_RateSheet_Passkey(WCRV_SmokeTest.java:101)
at java.util.concurrent.FutureTask.run(Unknown Source)
at java.util.concurrent.Executors$RunnableAdapter.call(Unknown Source)
at java.util.concurrent.FutureTask.run(Unknown Source)
at java.util.concurrent.ThreadPoolExecutor.runWorker(Unknown Source)
at java.util.concurrent.ThreadPoolExecutor$Worker.run(Unknown Source)
at java.lang.Thread.run(Unknown Source)
... Removed 10 stack frames]]>
    </failure>
  </testcase> <!-- WCRV_Generate_RateSheet_Passkey -->
  <testcase name="WCRV_Generate_RateSheet_Passkey" time="139.712" classname="WCRV_Application.WCRV_SmokeTest">
    <failure type="java.lang.AssertionError" message="Text not present.  By.cssSelector: div.fx-inner-grid.fx-cf &amp;gt; h5 -  FedEx Services available from your country TO other countries.">
      <![CDATA[java.lang.AssertionError: Text not present.  By.cssSelector: div.fx-inner-grid.fx-cf > h5 -  FedEx Services available from your country TO other countries.
at WCRV_Application.WCRV_SmokeTest.WCRV_Generate_RateSheet_Passkey(WCRV_SmokeTest.java:101)
at java.util.concurrent.FutureTask.run(Unknown Source)
at java.util.concurrent.Executors$RunnableAdapter.call(Unknown Source)
at java.util.concurrent.FutureTask.run(Unknown Source)
at java.util.concurrent.ThreadPoolExecutor.runWorker(Unknown Source)
at java.util.concurrent.ThreadPoolExecutor$Worker.run(Unknown Source)
at java.lang.Thread.run(Unknown Source)
... Removed 10 stack frames]]>
    </failure>
  </testcase> <!-- WCRV_Generate_RateSheet_Passkey -->
  <testcase name="WCRV_Generate_RateSheet_Passkey" time="179.778" classname="WCRV_Application.WCRV_SmokeTest">
    <failure type="java.lang.AssertionError" message="Text not present.  By.cssSelector: div.fx-inner-grid.fx-cf &amp;gt; h5 -  FedEx Services available from your country TO other countries.">
      <![CDATA[java.lang.AssertionError: Text not present.  By.cssSelector: div.fx-inner-grid.fx-cf > h5 -  FedEx Services available from your country TO other countries.
at WCRV_Application.WCRV_SmokeTest.WCRV_Generate_RateSheet_Passkey(WCRV_SmokeTest.java:101)
at java.util.concurrent.FutureTask.run(Unknown Source)
at java.util.concurrent.Executors$RunnableAdapter.call(Unknown Source)
at java.util.concurrent.FutureTask.run(Unknown Source)
at java.util.concurrent.ThreadPoolExecutor.runWorker(Unknown Source)
at java.util.concurrent.ThreadPoolExecutor$Worker.run(Unknown Source)
at java.lang.Thread.run(Unknown Source)
... Removed 10 stack frames]]>
    </failure>
  </testcase> <!-- WCRV_Generate_RateSheet_Passkey -->
  <testcase name="WCRV_Generate_RateSheet_Passkey" time="188.981" classname="WCRV_Application.WCRV_SmokeTest">
    <failure type="java.lang.AssertionError" message="Text not present.  By.cssSelector: div.fx-inner-grid.fx-cf &amp;gt; h5 -  FedEx Services available from your country TO other countries.">
      <![CDATA[java.lang.AssertionError: Text not present.  By.cssSelector: div.fx-inner-grid.fx-cf > h5 -  FedEx Services available from your country TO other countries.
at WCRV_Application.WCRV_SmokeTest.WCRV_Generate_RateSheet_Passkey(WCRV_SmokeTest.java:101)
at java.util.concurrent.FutureTask.run(Unknown Source)
at java.util.concurrent.Executors$RunnableAdapter.call(Unknown Source)
at java.util.concurrent.FutureTask.run(Unknown Source)
at java.util.concurrent.ThreadPoolExecutor.runWorker(Unknown Source)
at java.util.concurrent.ThreadPoolExecutor$Worker.run(Unknown Source)
at java.lang.Thread.run(Unknown Source)
... Removed 10 stack frames]]>
    </failure>
  </testcase> <!-- WCRV_Generate_RateSheet_Passkey -->
  <testcase name="WCRV_Generate_RateSheet" time="245.393" classname="WCRV_Application.WCRV_SmokeTest">
    <failure type="java.lang.AssertionError" message="Text not present.  By.cssSelector: div.fx-inner-grid.fx-cf &amp;gt; h5 -  FedEx Services available from your country TO other countries.">
      <![CDATA[java.lang.AssertionError: Text not present.  By.cssSelector: div.fx-inner-grid.fx-cf > h5 -  FedEx Services available from your country TO other countries.
at WCRV_Application.WCRV_SmokeTest.WCRV_Generate_RateSheet(WCRV_SmokeTest.java:91)
at java.util.concurrent.FutureTask.run(Unknown Source)
at java.util.concurrent.Executors$RunnableAdapter.call(Unknown Source)
at java.util.concurrent.FutureTask.run(Unknown Source)
at java.util.concurrent.ThreadPoolExecutor.runWorker(Unknown Source)
at java.util.concurrent.ThreadPoolExecutor$Worker.run(Unknown Source)
at java.lang.Thread.run(Unknown Source)
... Removed 10 stack frames]]>
    </failure>
  </testcase> <!-- WCRV_Generate_RateSheet -->
  <testcase name="WCRV_Generate_RateSheet" time="275.833" classname="WCRV_Application.WCRV_SmokeTest">
    <failure type="java.lang.AssertionError" message="Element is not present on page.  By.id: account">
      <![CDATA[java.lang.AssertionError: Element is not present on page.  By.id: account
at WCRV_Application.WCRV_SmokeTest.WCRV_Generate_RateSheet(WCRV_SmokeTest.java:91)
at java.util.concurrent.FutureTask.run(Unknown Source)
at java.util.concurrent.Executors$RunnableAdapter.call(Unknown Source)
at java.util.concurrent.FutureTask.run(Unknown Source)
at java.util.concurrent.ThreadPoolExecutor.runWorker(Unknown Source)
at java.util.concurrent.ThreadPoolExecutor$Worker.run(Unknown Source)
at java.lang.Thread.run(Unknown Source)
... Removed 10 stack frames]]>
    </failure>
  </testcase> <!-- WCRV_Generate_RateSheet -->
  <testcase name="WCRV_Generate_RateSheet" time="290.218" classname="WCRV_Application.WCRV_SmokeTest">
    <failure type="java.lang.AssertionError" message="Text not present.  By.cssSelector: div.fx-inner-grid.fx-cf &amp;gt; h5 -  FedEx Services available from your country TO other countries.">
      <![CDATA[java.lang.AssertionError: Text not present.  By.cssSelector: div.fx-inner-grid.fx-cf > h5 -  FedEx Services available from your country TO other countries.
at WCRV_Application.WCRV_SmokeTest.WCRV_Generate_RateSheet(WCRV_SmokeTest.java:91)
at java.util.concurrent.FutureTask.run(Unknown Source)
at java.util.concurrent.Executors$RunnableAdapter.call(Unknown Source)
at java.util.concurrent.FutureTask.run(Unknown Source)
at java.util.concurrent.ThreadPoolExecutor.runWorker(Unknown Source)
at java.util.concurrent.ThreadPoolExecutor$Worker.run(Unknown Source)
at java.lang.Thread.run(Unknown Source)
... Removed 10 stack frames]]>
    </failure>
  </testcase> <!-- WCRV_Generate_RateSheet -->
  <testcase name="WRTT_eCRV_WRTTLink" time="337.856" classname="WRTT_Application.WRTT_SmokeTest"/>
  <testcase name="WRTT_SpalshPage_eCRV" time="389.586" classname="WRTT_Application.WRTT_SmokeTest"/>
  <testcase name="WCRV_Generate_RateSheet" time="333.073" classname="WCRV_Application.WCRV_SmokeTest">
    <failure type="java.lang.AssertionError" message="Text not present.  By.cssSelector: div.fx-inner-grid.fx-cf &amp;gt; h5 -  FedEx Services available from your country TO other countries.">
      <![CDATA[java.lang.AssertionError: Text not present.  By.cssSelector: div.fx-inner-grid.fx-cf > h5 -  FedEx Services available from your country TO other countries.
at WCRV_Application.WCRV_SmokeTest.WCRV_Generate_RateSheet(WCRV_SmokeTest.java:91)
at java.util.concurrent.FutureTask.run(Unknown Source)
at java.util.concurrent.Executors$RunnableAdapter.call(Unknown Source)
at java.util.concurrent.FutureTask.run(Unknown Source)
at java.util.concurrent.ThreadPoolExecutor.runWorker(Unknown Source)
at java.util.concurrent.ThreadPoolExecutor$Worker.run(Unknown Source)
at java.lang.Thread.run(Unknown Source)
... Removed 10 stack frames]]>
    </failure>
  </testcase> <!-- WCRV_Generate_RateSheet -->
</testsuite> <!-- ADAT -->
