<?xml version="1.0" encoding="UTF-8"?>
<!-- Generated by org.testng.reporters.JUnitXMLReporter -->
<testsuite hostname="WTC-5159473-l2" ignored="0" name="WCRV_Test" tests="2" failures="0" timestamp="02 Nov 2018 20:42:24 GMT" time="0.648" errors="0">
  <testcase name="SetEvironmentLevel" time="0.05" classname="SupportClasses.Environment">
    <skipped/>
  </testcase> <!-- SetEvironmentLevel -->
  <testcase name="WCRV_Generate_RateSheet" time="0.0" classname="WaterfallApplications.WCRV">
    <skipped/>
  </testcase> <!-- WCRV_Generate_RateSheet -->
</testsuite> <!-- WCRV_Test -->
