<?xml version="1.0" encoding="UTF-8"?>
<testng-results skipped="0" failed="0" ignored="0" total="10" passed="10">
  <reporter-output>
  </reporter-output>
  <suite name="Default suite" duration-ms="34711" started-at="2019-03-11T15:35:01Z" finished-at="2019-03-11T15:35:35Z">
    <groups>
    </groups>
    <test name="Default test" duration-ms="34711" started-at="2019-03-11T15:35:01Z" finished-at="2019-03-11T15:35:35Z">
      <class name="SupportClasses.Account_Lookup">
        <test-method status="PASS" signature="beforeClass()[pri:0, instance:SupportClasses.Account_Lookup@5cdd8682]" name="beforeClass" is-config="true" duration-ms="31" started-at="2019-03-11T15:35:01Z" finished-at="2019-03-11T15:35:01Z">
          <reporter-output>
          </reporter-output>
        </test-method> <!-- beforeClass -->
        <test-method status="PASS" signature="AccountCheck(java.lang.String, java.lang.String)[pri:0, instance:SupportClasses.Account_Lookup@5cdd8682]" name="AccountCheck" duration-ms="10968" started-at="2019-03-11T15:35:01Z" data-provider="dp" finished-at="2019-03-11T15:35:12Z">
          <params>
            <param index="0">
              <value>
                <![CDATA[2]]>
              </value>
            </param>
            <param index="1">
              <value>
                <![CDATA[775533960]]>
              </value>
            </param>
          </params>
          <reporter-output>
          </reporter-output>
        </test-method> <!-- AccountCheck -->
        <test-method status="PASS" signature="AccountCheck(java.lang.String, java.lang.String)[pri:0, instance:SupportClasses.Account_Lookup@5cdd8682]" name="AccountCheck" duration-ms="3012" started-at="2019-03-11T15:35:12Z" data-provider="dp" finished-at="2019-03-11T15:35:15Z">
          <params>
            <param index="0">
              <value>
                <![CDATA[2]]>
              </value>
            </param>
            <param index="1">
              <value>
                <![CDATA[775534060]]>
              </value>
            </param>
          </params>
          <reporter-output>
          </reporter-output>
        </test-method> <!-- AccountCheck -->
        <test-method status="PASS" signature="AccountCheck(java.lang.String, java.lang.String)[pri:0, instance:SupportClasses.Account_Lookup@5cdd8682]" name="AccountCheck" duration-ms="2673" started-at="2019-03-11T15:35:15Z" data-provider="dp" finished-at="2019-03-11T15:35:18Z">
          <params>
            <param index="0">
              <value>
                <![CDATA[2]]>
              </value>
            </param>
            <param index="1">
              <value>
                <![CDATA[775534320]]>
              </value>
            </param>
          </params>
          <reporter-output>
          </reporter-output>
        </test-method> <!-- AccountCheck -->
        <test-method status="PASS" signature="AccountCheck(java.lang.String, java.lang.String)[pri:0, instance:SupportClasses.Account_Lookup@5cdd8682]" name="AccountCheck" duration-ms="2561" started-at="2019-03-11T15:35:18Z" data-provider="dp" finished-at="2019-03-11T15:35:20Z">
          <params>
            <param index="0">
              <value>
                <![CDATA[2]]>
              </value>
            </param>
            <param index="1">
              <value>
                <![CDATA[775534400]]>
              </value>
            </param>
          </params>
          <reporter-output>
          </reporter-output>
        </test-method> <!-- AccountCheck -->
        <test-method status="PASS" signature="AccountCheck(java.lang.String, java.lang.String)[pri:0, instance:SupportClasses.Account_Lookup@5cdd8682]" name="AccountCheck" duration-ms="2920" started-at="2019-03-11T15:35:20Z" data-provider="dp" finished-at="2019-03-11T15:35:23Z">
          <params>
            <param index="0">
              <value>
                <![CDATA[2]]>
              </value>
            </param>
            <param index="1">
              <value>
                <![CDATA[775534460]]>
              </value>
            </param>
          </params>
          <reporter-output>
          </reporter-output>
        </test-method> <!-- AccountCheck -->
        <test-method status="PASS" signature="AccountCheck(java.lang.String, java.lang.String)[pri:0, instance:SupportClasses.Account_Lookup@5cdd8682]" name="AccountCheck" duration-ms="2578" started-at="2019-03-11T15:35:23Z" data-provider="dp" finished-at="2019-03-11T15:35:26Z">
          <params>
            <param index="0">
              <value>
                <![CDATA[2]]>
              </value>
            </param>
            <param index="1">
              <value>
                <![CDATA[775534540]]>
              </value>
            </param>
          </params>
          <reporter-output>
          </reporter-output>
        </test-method> <!-- AccountCheck -->
        <test-method status="PASS" signature="AccountCheck(java.lang.String, java.lang.String)[pri:0, instance:SupportClasses.Account_Lookup@5cdd8682]" name="AccountCheck" duration-ms="2526" started-at="2019-03-11T15:35:26Z" data-provider="dp" finished-at="2019-03-11T15:35:28Z">
          <params>
            <param index="0">
              <value>
                <![CDATA[2]]>
              </value>
            </param>
            <param index="1">
              <value>
                <![CDATA[775534680]]>
              </value>
            </param>
          </params>
          <reporter-output>
          </reporter-output>
        </test-method> <!-- AccountCheck -->
        <test-method status="PASS" signature="AccountCheck(java.lang.String, java.lang.String)[pri:0, instance:SupportClasses.Account_Lookup@5cdd8682]" name="AccountCheck" duration-ms="2435" started-at="2019-03-11T15:35:28Z" data-provider="dp" finished-at="2019-03-11T15:35:31Z">
          <params>
            <param index="0">
              <value>
                <![CDATA[2]]>
              </value>
            </param>
            <param index="1">
              <value>
                <![CDATA[775534800]]>
              </value>
            </param>
          </params>
          <reporter-output>
          </reporter-output>
        </test-method> <!-- AccountCheck -->
        <test-method status="PASS" signature="AccountCheck(java.lang.String, java.lang.String)[pri:0, instance:SupportClasses.Account_Lookup@5cdd8682]" name="AccountCheck" duration-ms="2399" started-at="2019-03-11T15:35:31Z" data-provider="dp" finished-at="2019-03-11T15:35:33Z">
          <params>
            <param index="0">
              <value>
                <![CDATA[2]]>
              </value>
            </param>
            <param index="1">
              <value>
                <![CDATA[775534940]]>
              </value>
            </param>
          </params>
          <reporter-output>
          </reporter-output>
        </test-method> <!-- AccountCheck -->
        <test-method status="PASS" signature="AccountCheck(java.lang.String, java.lang.String)[pri:0, instance:SupportClasses.Account_Lookup@5cdd8682]" name="AccountCheck" duration-ms="2229" started-at="2019-03-11T15:35:33Z" data-provider="dp" finished-at="2019-03-11T15:35:35Z">
          <params>
            <param index="0">
              <value>
                <![CDATA[2]]>
              </value>
            </param>
            <param index="1">
              <value>
                <![CDATA[775535040]]>
              </value>
            </param>
          </params>
          <reporter-output>
          </reporter-output>
        </test-method> <!-- AccountCheck -->
      </class> <!-- SupportClasses.Account_Lookup -->
    </test> <!-- Default test -->
  </suite> <!-- Default suite -->
</testng-results>
